<?xml version="1.0" encoding="UTF-8"?>
<testng-results skipped="0" failed="0" total="1" passed="1">
  <reporter-output>
  </reporter-output>
  <suite name="Default suite" duration-ms="13792" started-at="2017-10-01T07:20:53Z" finished-at="2017-10-01T07:21:06Z">
    <groups>
    </groups>
    <test name="Default test" duration-ms="13792" started-at="2017-10-01T07:20:53Z" finished-at="2017-10-01T07:21:06Z">
      <class name="testcases.AlertDemo">
        <test-method status="PASS" signature="alertHandle()[pri:0, instance:testcases.AlertDemo@3f49dace]" name="alertHandle" duration-ms="13778" started-at="2017-10-01T00:20:53Z" finished-at="2017-10-01T00:21:06Z">
          <reporter-output>
          </reporter-output>
        </test-method> <!-- alertHandle -->
      </class> <!-- testcases.AlertDemo -->
    </test> <!-- Default test -->
  </suite> <!-- Default suite -->
</testng-results>
